c:\users\goutham\documents\github\dalhurst_valley\dalhurst valley\dalhurst valley\debug\vc140.pdb
c:\users\goutham\documents\github\dalhurst_valley\dalhurst valley\dalhurst valley\debug\vc140.idb
c:\users\goutham\documents\github\dalhurst_valley\dalhurst valley\dalhurst valley\debug\framerate.obj
c:\users\goutham\documents\github\dalhurst_valley\dalhurst valley\dalhurst valley\debug\gamestate.obj
c:\users\goutham\documents\github\dalhurst_valley\dalhurst valley\dalhurst valley\debug\hero.obj
c:\users\goutham\documents\github\dalhurst_valley\dalhurst valley\dalhurst valley\debug\main.obj
c:\users\goutham\documents\github\dalhurst_valley\dalhurst valley\dalhurst valley\debug\mapgen.obj
c:\users\goutham\documents\github\dalhurst_valley\dalhurst valley\dalhurst valley\debug\menu.obj
c:\users\goutham\documents\github\dalhurst_valley\dalhurst valley\dalhurst valley\debug\state_about.obj
c:\users\goutham\documents\github\dalhurst_valley\dalhurst valley\dalhurst valley\debug\state_intro.obj
c:\users\goutham\documents\github\dalhurst_valley\dalhurst valley\dalhurst valley\debug\state_splash.obj
c:\users\goutham\documents\github\dalhurst_valley\dalhurst valley\dalhurst valley\debug\test_0.obj
c:\users\goutham\documents\github\dalhurst_valley\dalhurst valley\debug\dalhurst valley.ilk
c:\users\goutham\documents\github\dalhurst_valley\dalhurst valley\debug\dalhurst valley.exe
c:\users\goutham\documents\github\dalhurst_valley\dalhurst valley\debug\dalhurst valley.pdb
c:\users\goutham\documents\github\dalhurst_valley\dalhurst valley\dalhurst valley\debug\dalhurst valley.tlog\cl.command.1.tlog
c:\users\goutham\documents\github\dalhurst_valley\dalhurst valley\dalhurst valley\debug\dalhurst valley.tlog\cl.read.1.tlog
c:\users\goutham\documents\github\dalhurst_valley\dalhurst valley\dalhurst valley\debug\dalhurst valley.tlog\cl.write.1.tlog
c:\users\goutham\documents\github\dalhurst_valley\dalhurst valley\dalhurst valley\debug\dalhurst valley.tlog\link.command.1.tlog
c:\users\goutham\documents\github\dalhurst_valley\dalhurst valley\dalhurst valley\debug\dalhurst valley.tlog\link.read.1.tlog
c:\users\goutham\documents\github\dalhurst_valley\dalhurst valley\dalhurst valley\debug\dalhurst valley.tlog\link.write.1.tlog
